<?xml version="1.0" encoding="UTF-8"?>
<!-- Generated by org.testng.reporters.JUnitXMLReporter -->
<testsuite hostname="LAPTOP-F1SH0AT3" ignored="0" name="Command line test" tests="5" failures="0" timestamp="2022-03-23T14:50:55 IST" time="0.029" errors="0">
  <testcase name="createContact" time="0.003" classname="com.crm.vtiger.CreateContactTest"/>
  <testcase name="createContact2" time="0.0" classname="com.crm.vtiger.CreateContactTest"/>
  <testcase name="createLead" time="0.0" classname="com.crm.vtiger.CreateLeadsTest"/>
  <testcase name="createOrg" time="0.0" classname="com.crm.vtiger.CreateOrgTest"/>
  <testcase name="createProduct" time="0.0" classname="com.crm.vtiger.CreateProductTest"/>
</testsuite> <!-- Command line test -->
