<?xml version="1.0" encoding="UTF-8"?>
<testng-results skipped="0" failed="0" ignored="0" total="5" passed="5">
  <reporter-output>
  </reporter-output>
  <suite name="Command line suite" duration-ms="29" started-at="2022-03-23T14:50:55 IST" finished-at="2022-03-23T14:50:55 IST">
    <groups>
    </groups>
    <test name="Command line test" duration-ms="29" started-at="2022-03-23T14:50:55 IST" finished-at="2022-03-23T14:50:55 IST">
      <class name="com.crm.vtiger.CreateProductTest">
        <test-method status="PASS" signature="createProduct()[pri:0, instance:com.crm.vtiger.CreateProductTest@6b09bb57]" name="createProduct" duration-ms="0" started-at="2022-03-23T14:50:55 IST" finished-at="2022-03-23T14:50:55 IST">
          <reporter-output>
          </reporter-output>
        </test-method> <!-- createProduct -->
      </class> <!-- com.crm.vtiger.CreateProductTest -->
      <class name="com.crm.vtiger.CreateContactTest">
        <test-method status="PASS" signature="createContact()[pri:0, instance:com.crm.vtiger.CreateContactTest@2ac273d3]" name="createContact" duration-ms="3" started-at="2022-03-23T14:50:55 IST" finished-at="2022-03-23T14:50:55 IST">
          <reporter-output>
          </reporter-output>
        </test-method> <!-- createContact -->
        <test-method status="PASS" signature="createContact2()[pri:0, instance:com.crm.vtiger.CreateContactTest@2ac273d3]" name="createContact2" duration-ms="0" started-at="2022-03-23T14:50:55 IST" finished-at="2022-03-23T14:50:55 IST">
          <reporter-output>
          </reporter-output>
        </test-method> <!-- createContact2 -->
      </class> <!-- com.crm.vtiger.CreateContactTest -->
      <class name="com.crm.vtiger.CreateLeadsTest">
        <test-method status="PASS" signature="createLead()[pri:0, instance:com.crm.vtiger.CreateLeadsTest@5f9d02cb]" name="createLead" duration-ms="0" started-at="2022-03-23T14:50:55 IST" finished-at="2022-03-23T14:50:55 IST">
          <reporter-output>
          </reporter-output>
        </test-method> <!-- createLead -->
      </class> <!-- com.crm.vtiger.CreateLeadsTest -->
      <class name="com.crm.vtiger.CreateOrgTest">
        <test-method status="PASS" signature="createOrg()[pri:0, instance:com.crm.vtiger.CreateOrgTest@63753b6d]" name="createOrg" duration-ms="0" started-at="2022-03-23T14:50:55 IST" finished-at="2022-03-23T14:50:55 IST">
          <reporter-output>
          </reporter-output>
        </test-method> <!-- createOrg -->
      </class> <!-- com.crm.vtiger.CreateOrgTest -->
    </test> <!-- Command line test -->
  </suite> <!-- Command line suite -->
</testng-results>
